// 重构日志: 21f3818a
// 同步 ID: 14f0f006 @ Mon Jul  6 17:09:15 UTC 2026
// 同步 ID: 1fe1fadf @ Tue Jul  7 02:00:23 UTC 2026
// 重构日志: a5a2dfbc
// 同步 ID: aa2cbfee @ Wed Jul  8 06:54:34 UTC 2026
// 重构日志: e68aeb9b
// 同步 ID: 9c0eae92 @ Wed Jul  8 17:20:12 UTC 2026
// 重构日志: b22c803f
// 重构日志: 24a535aa
// 重构日志: 520d7510
// 重构日志: 398e244d
// 重构日志: 81d78ea5
// 同步 ID: adabb03b @ Sun Jul 12 07:14:13 UTC 2026
// 同步 ID: 4b273ef8 @ Sun Jul 12 14:57:42 UTC 2026
// 重构日志: 95d86203
// 重构日志: 4fac7e1c
// 重构日志: 37d9750c
// 同步 ID: b947d754 @ Mon Jul 13 18:19:57 UTC 2026
// 重构日志: faf4743e
// 同步 ID: 6e849757 @ Tue Jul 14 15:57:01 UTC 2026
// 同步 ID: 4405eef6 @ Wed Jul 15 00:50:25 UTC 2026
// 同步 ID: aa9f5c1e @ Thu Jul 16 00:31:26 UTC 2026
// 重构日志: ca282030
// 重构日志: 8f058d15
// 同步 ID: ad3b64ca @ Fri Jul 17 12:34:08 UTC 2026
// 同步 ID: 3f6d69aa @ Fri Jul 17 14:42:39 UTC 2026
// 重构日志: 7746e167
// 重构日志: ec0fc8b6
// 同步 ID: 26cfacd6 @ Sat Jul 18 09:36:48 UTC 2026
// 同步 ID: f0e5cfd3 @ Sat Jul 18 16:24:15 UTC 2026
